<?xml version="1.0" encoding="UTF-8"?>
<testng-results ignored="0" total="3" passed="3" failed="0" skipped="0">
  <reporter-output>
  </reporter-output>
  <suite started-at="2022-10-12T00:30:37 IST" name="Default suite" finished-at="2022-10-12T00:31:43 IST" duration-ms="66160">
    <groups>
    </groups>
    <test started-at="2022-10-12T00:30:37 IST" name="Default test" finished-at="2022-10-12T00:31:43 IST" duration-ms="66160">
      <class name="assertion.Test3">
        <test-method signature="demo(java.lang.String,java.lang.String)[pri:0, instance:assertion.Test3@c333c60]" started-at="2022-10-12T00:30:37 IST" name="demo" data-provider="getData" finished-at="2022-10-12T00:31:01 IST" duration-ms="24222" status="PASS">
          <params>
            <param index="0">
              <value>
                <![CDATA[12345678]]>
              </value>
            </param>
            <param index="1">
              <value>
                <![CDATA[12345679]]>
              </value>
            </param>
          </params>
          <reporter-output>
          </reporter-output>
        </test-method> <!-- demo -->
        <test-method signature="demo(java.lang.String,java.lang.String)[pri:0, instance:assertion.Test3@c333c60]" started-at="2022-10-12T00:31:01 IST" name="demo" data-provider="getData" finished-at="2022-10-12T00:31:22 IST" duration-ms="20173" status="PASS">
          <params>
            <param index="0">
              <value>
                <![CDATA[admin]]>
              </value>
            </param>
            <param index="1">
              <value>
                <![CDATA[manager]]>
              </value>
            </param>
          </params>
          <reporter-output>
          </reporter-output>
        </test-method> <!-- demo -->
        <test-method signature="demo(java.lang.String,java.lang.String)[pri:0, instance:assertion.Test3@c333c60]" started-at="2022-10-12T00:31:22 IST" name="demo" data-provider="getData" finished-at="2022-10-12T00:31:43 IST" duration-ms="21710" status="PASS">
          <params>
            <param index="0">
              <value>
                <![CDATA[1234!@#$qwe]]>
              </value>
            </param>
            <param index="1">
              <value>
                <![CDATA[456%^&*trs]]>
              </value>
            </param>
          </params>
          <reporter-output>
          </reporter-output>
        </test-method> <!-- demo -->
      </class> <!-- assertion.Test3 -->
    </test> <!-- Default test -->
  </suite> <!-- Default suite -->
</testng-results>
